<?xml version="1.0" encoding="UTF-8"?>
<!-- Generated by org.testng.reporters.JUnitXMLReporter -->
<testsuite hostname="PC327537" ignored="0" name="rest apis" tests="5" failures="0" timestamp="31 Jan 2020 15:47:21 GMT" time="7.638" errors="0">
  <testcase name="GetBookingIds_VerifyStatusCode" time="4.432" classname="restTest.getMethod"/>
  <testcase name="patchScenario" time="0.816" classname="restTest.patchMethod"/>
  <testcase name="postMethodSample" time="0.698" classname="restTest.postMethod"/>
  <testcase name="putScenario" time="0.822" classname="restTest.putMethod"/>
  <testcase name="deleteTest" time="0.825" classname="restTest.deleteMethod"/>
</testsuite> <!-- rest apis -->
