<?xml version="1.0" encoding="UTF-8"?>
<!-- Generated by org.testng.reporters.JUnitXMLReporter -->
<testsuite hostname="PC327537" ignored="0" tests="4" failures="0" timestamp="31 Jan 2020 09:38:21 GMT" time="6.603" errors="0">
  <testcase name="patchScenario" time="4.296" classname="patchMethod"/>
  <testcase name="postMethodSample" time="0.856" classname="postMethod"/>
  <testcase name="putScenario" time="0.872" classname="putMethod"/>
  <testcase name="GetBookingIds_VerifyStatusCode" time="0.517" classname="getMethod"/>
</testsuite>
